\BOOKMARK [1][-]{section.1}{\376\377\000I\000n\000t\000r\000o\000d\000u\000z\000i\000o\000n\000e}{}% 1
\BOOKMARK [1][-]{section.2}{\376\377\000A\000n\000a\000l\000i\000s\000i\000\040\000P\000r\000e\000l\000i\000m\000i\000n\000a\000r\000e\000\040\000d\000e\000i\000\040\000S\000o\000r\000g\000e\000n\000t\000i\000\040\000g\000l\000i\000b\000c}{}% 2
\BOOKMARK [2][-]{subsection.2.1}{\376\377\000A\000c\000c\000e\000s\000s\000o\000\040\000a\000i\000\040\000s\000o\000r\000g\000e\000n\000t\000i}{section.2}% 3
\BOOKMARK [2][-]{subsection.2.2}{\376\377\000R\000i\000c\000e\000r\000c\000a\000\040\000d\000i\000\040\000u\000n\000a\000\040\000b\000i\000n\000a\000r\000y\000\040\000h\000e\000a\000p\000\040\000o\000\040\000p\000r\000i\000o\000r\000i\000t\000y\000\040\000q\000u\000e\000u\000e\000\040\000g\000i\000\340\000\040\000p\000r\000e\000s\000e\000n\000t\000e}{section.2}% 4
\BOOKMARK [2][-]{subsection.2.3}{\376\377\000E\000s\000i\000t\000o\000\040\000d\000e\000l\000l\000a\000\040\000r\000i\000c\000e\000r\000c\000a}{section.2}% 5
\BOOKMARK [2][-]{subsection.2.4}{\376\377\000L\000a\000\040\000c\000o\000d\000a\000\040\000o\000r\000d\000i\000n\000a\000t\000a\000\040\000d\000e\000i\000\040\000t\000i\000m\000e\000r}{section.2}% 6
\BOOKMARK [2][-]{subsection.2.5}{\376\377\000I\000l\000\040\000r\000i\000f\000e\000r\000i\000m\000e\000n\000t\000o\000\040\000u\000t\000i\000l\000e\000:\000\040\000f\000r\000a\000m\000e\000\137\000h\000e\000a\000p\000s\000o\000r\000t}{section.2}% 7
\BOOKMARK [1][-]{section.3}{\376\377\000S\000c\000e\000l\000t\000e\000\040\000P\000r\000o\000g\000e\000t\000t\000u\000a\000l\000i}{}% 8
\BOOKMARK [2][-]{subsection.3.1}{\376\377\000O\000b\000i\000e\000t\000t\000i\000v\000o\000\040\000d\000e\000l\000l\000a\000\040\000n\000u\000o\000v\000a\000\040\000i\000m\000p\000l\000e\000m\000e\000n\000t\000a\000z\000i\000o\000n\000e}{section.3}% 9
\BOOKMARK [2][-]{subsection.3.2}{\376\377\000R\000a\000p\000p\000r\000e\000s\000e\000n\000t\000a\000z\000i\000o\000n\000e\000\040\000d\000e\000i\000\040\000d\000a\000t\000i}{section.3}% 10
\BOOKMARK [2][-]{subsection.3.3}{\376\377\000C\000o\000n\000v\000e\000n\000z\000i\000o\000n\000e\000\040\000d\000e\000l\000\040\000c\000o\000m\000p\000a\000r\000a\000t\000o\000r\000e}{section.3}% 11
\BOOKMARK [2][-]{subsection.3.4}{\376\377\000P\000e\000r\000c\000h\000\350\000\040\000u\000n\000a\000\040\000m\000i\000n\000-\000h\000e\000a\000p}{section.3}% 12
\BOOKMARK [1][-]{section.4}{\376\377\000I\000m\000p\000l\000e\000m\000e\000n\000t\000a\000z\000i\000o\000n\000e\000\040\000d\000e\000l\000\040\000F\000i\000l\000e\000\040\000b\000i\000n\000a\000r\000y\000h\000e\000a\000p\000.\000c}{}% 13
\BOOKMARK [2][-]{subsection.4.1}{\376\377\000I\000n\000t\000e\000r\000f\000a\000c\000c\000i\000a\000\040\000p\000u\000b\000b\000l\000i\000c\000a}{section.4}% 14
\BOOKMARK [2][-]{subsection.4.2}{\376\377\000b\000i\000n\000a\000r\000y\000h\000e\000a\000p\000\137\000i\000n\000i\000t}{section.4}% 15
\BOOKMARK [2][-]{subsection.4.3}{\376\377\000b\000i\000n\000a\000r\000y\000h\000e\000a\000p\000\137\000d\000e\000s\000t\000r\000o\000y}{section.4}% 16
\BOOKMARK [2][-]{subsection.4.4}{\376\377\000b\000i\000n\000a\000r\000y\000h\000e\000a\000p\000\137\000r\000e\000s\000e\000r\000v\000e}{section.4}% 17
\BOOKMARK [2][-]{subsection.4.5}{\376\377\000b\000i\000n\000a\000r\000y\000h\000e\000a\000p\000\137\000p\000u\000s\000h}{section.4}% 18
\BOOKMARK [2][-]{subsection.4.6}{\376\377\000b\000i\000n\000a\000r\000y\000h\000e\000a\000p\000\137\000p\000e\000e\000k}{section.4}% 19
\BOOKMARK [2][-]{subsection.4.7}{\376\377\000b\000i\000n\000a\000r\000y\000h\000e\000a\000p\000\137\000p\000o\000p}{section.4}% 20
\BOOKMARK [2][-]{subsection.4.8}{\376\377\000b\000i\000n\000a\000r\000y\000h\000e\000a\000p\000\137\000s\000i\000z\000e\000\040\000e\000\040\000b\000i\000n\000a\000r\000y\000h\000e\000a\000p\000\137\000e\000m\000p\000t\000y}{section.4}% 21
\BOOKMARK [2][-]{subsection.4.9}{\376\377\000b\000i\000n\000a\000r\000y\000h\000e\000a\000p\000\137\000b\000u\000i\000l\000d}{section.4}% 22
\BOOKMARK [1][-]{section.5}{\376\377\000D\000e\000t\000t\000a\000g\000l\000i\000\040\000A\000l\000g\000o\000r\000i\000t\000m\000i\000c\000i}{}% 23
\BOOKMARK [2][-]{subsection.5.1}{\376\377\000b\000i\000n\000a\000r\000y\000h\000e\000a\000p\000\137\000s\000i\000f\000t\000\137\000u\000p}{section.5}% 24
\BOOKMARK [2][-]{subsection.5.2}{\376\377\000b\000i\000n\000a\000r\000y\000h\000e\000a\000p\000\137\000s\000i\000f\000t\000\137\000d\000o\000w\000n}{section.5}% 25
\BOOKMARK [2][-]{subsection.5.3}{\376\377\000I\000n\000v\000a\000r\000i\000a\000n\000t\000e\000\040\000d\000e\000l\000l\000a\000\040\000s\000t\000r\000u\000t\000t\000u\000r\000a}{section.5}% 26
\BOOKMARK [1][-]{section.6}{\376\377\000C\000o\000m\000p\000l\000e\000s\000s\000i\000t\000\340\000\040\000C\000o\000m\000p\000u\000t\000a\000z\000i\000o\000n\000a\000l\000e}{}% 27
\BOOKMARK [1][-]{section.7}{\376\377\000P\000r\000o\000g\000r\000a\000m\000m\000a\000\040\000D\000e\000m\000o}{}% 28
\BOOKMARK [2][-]{subsection.7.1}{\376\377\000S\000c\000o\000p\000o\000\040\000d\000i\000\040\000b\000i\000n\000a\000r\000y\000h\000e\000a\000p\000\137\000d\000e\000m\000o\000.\000c}{section.7}% 29
\BOOKMARK [2][-]{subsection.7.2}{\376\377\000D\000i\000f\000f\000e\000r\000e\000n\000z\000a\000\040\000t\000r\000a\000\040\000d\000e\000m\000o\000\040\000e\000\040\000t\000e\000s\000t}{section.7}% 30
\BOOKMARK [1][-]{section.8}{\376\377\000T\000e\000s\000t\000i\000n\000g}{}% 31
\BOOKMARK [2][-]{subsection.8.1}{\376\377\000M\000o\000t\000i\000v\000a\000z\000i\000o\000n\000e}{section.8}% 32
\BOOKMARK [2][-]{subsection.8.2}{\376\377\000F\000i\000l\000e\000\040\000t\000e\000s\000t\000\137\000b\000i\000n\000a\000r\000y\000h\000e\000a\000p\000.\000c}{section.8}% 33
\BOOKMARK [2][-]{subsection.8.3}{\376\377\000O\000u\000t\000p\000u\000t\000\040\000d\000e\000i\000\040\000t\000e\000s\000t}{section.8}% 34
\BOOKMARK [1][-]{section.9}{\376\377\000B\000u\000i\000l\000d\000\040\000A\000u\000t\000o\000m\000a\000t\000i\000o\000n\000\040\000c\000o\000n\000\040\000M\000a\000k\000e\000f\000i\000l\000e}{}% 35
\BOOKMARK [2][-]{subsection.9.1}{\376\377\000O\000b\000i\000e\000t\000t\000i\000v\000i\000\040\000d\000e\000l\000\040\000M\000a\000k\000e\000f\000i\000l\000e}{section.9}% 36
\BOOKMARK [2][-]{subsection.9.2}{\376\377\000T\000a\000r\000g\000e\000t\000\040\000d\000i\000s\000p\000o\000n\000i\000b\000i\000l\000i}{section.9}% 37
\BOOKMARK [2][-]{subsection.9.3}{\376\377\000S\000c\000e\000l\000t\000a\000\040\000d\000e\000l\000l\000e\000\040\000f\000l\000a\000g\000\040\000d\000i\000\040\000c\000o\000m\000p\000i\000l\000a\000z\000i\000o\000n\000e}{section.9}% 38
\BOOKMARK [1][-]{section.10}{\376\377\000S\000t\000r\000u\000t\000t\000u\000r\000a\000\040\000F\000i\000n\000a\000l\000e\000\040\000d\000e\000i\000\040\000F\000i\000l\000e}{}% 39
\BOOKMARK [1][-]{section.11}{\376\377\000V\000a\000l\000u\000t\000a\000z\000i\000o\000n\000e\000\040\000d\000e\000l\000\040\000L\000a\000v\000o\000r\000o\000\040\000S\000v\000o\000l\000t\000o}{}% 40
\BOOKMARK [2][-]{subsection.11.1}{\376\377\000R\000i\000s\000u\000l\000t\000a\000t\000i\000\040\000r\000a\000g\000g\000i\000u\000n\000t\000i}{section.11}% 41
\BOOKMARK [2][-]{subsection.11.2}{\376\377\000L\000i\000m\000i\000t\000i\000\040\000a\000t\000t\000u\000a\000l\000i}{section.11}% 42
\BOOKMARK [2][-]{subsection.11.3}{\376\377\000P\000o\000s\000s\000i\000b\000i\000l\000i\000\040\000e\000s\000t\000e\000n\000s\000i\000o\000n\000i}{section.11}% 43
\BOOKMARK [1][-]{section.12}{\376\377\000C\000o\000n\000c\000l\000u\000s\000i\000o\000n\000e}{}% 44
